{"/home/pasha/ProjectsHexlet/frontend-project-lvl2/src/index.js": {"path":"/home/pasha/ProjectsHexlet/frontend-project-lvl2/src/index.js","statementMap":{"0":{"start":{"line":5,"column":22},"end":{"line":7,"column":1}},"1":{"start":{"line":5,"column":55},"end":{"line":7,"column":1}},"2":{"start":{"line":9,"column":21},"end":{"line":11,"column":1}},"3":{"start":{"line":9,"column":56},"end":{"line":11,"column":1}},"4":{"start":{"line":13,"column":20},"end":{"line":17,"column":1}},"5":{"start":{"line":14,"column":22},"end":{"line":14,"column":50}},"6":{"start":{"line":15,"column":18},"end":{"line":15,"column":38}},"7":{"start":{"line":16,"column":2},"end":{"line":16,"column":29}},"8":{"start":{"line":20,"column":18},"end":{"line":20,"column":60}},"9":{"start":{"line":21,"column":18},"end":{"line":21,"column":39}},"10":{"start":{"line":22,"column":38},"end":{"line":22,"column":45}},"11":{"start":{"line":23,"column":15},"end":{"line":23,"column":79}},"12":{"start":{"line":25,"column":15},"end":{"line":43,"column":8}},"13":{"start":{"line":26,"column":20},"end":{"line":26,"column":28}},"14":{"start":{"line":28,"column":4},"end":{"line":41,"column":5}},"15":{"start":{"line":29,"column":6},"end":{"line":38,"column":7}},"16":{"start":{"line":30,"column":8},"end":{"line":35,"column":9}},"17":{"start":{"line":31,"column":10},"end":{"line":31,"column":60}},"18":{"start":{"line":33,"column":10},"end":{"line":33,"column":60}},"19":{"start":{"line":34,"column":10},"end":{"line":34,"column":59}},"20":{"start":{"line":37,"column":8},"end":{"line":37,"column":57}},"21":{"start":{"line":40,"column":6},"end":{"line":40,"column":56}},"22":{"start":{"line":42,"column":4},"end":{"line":42,"column":19}},"23":{"start":{"line":45,"column":2},"end":{"line":45,"column":40}}},"fnMap":{"0":{"name":"(anonymous_0)","decl":{"start":{"line":5,"column":22},"end":{"line":5,"column":23}},"loc":{"start":{"line":5,"column":55},"end":{"line":7,"column":1}},"line":5},"1":{"name":"(anonymous_1)","decl":{"start":{"line":9,"column":21},"end":{"line":9,"column":22}},"loc":{"start":{"line":9,"column":56},"end":{"line":11,"column":1}},"line":9},"2":{"name":"(anonymous_2)","decl":{"start":{"line":13,"column":20},"end":{"line":13,"column":21}},"loc":{"start":{"line":13,"column":47},"end":{"line":17,"column":1}},"line":13},"3":{"name":"(anonymous_3)","decl":{"start":{"line":19,"column":15},"end":{"line":19,"column":16}},"loc":{"start":{"line":19,"column":46},"end":{"line":46,"column":1}},"line":19},"4":{"name":"(anonymous_4)","decl":{"start":{"line":25,"column":27},"end":{"line":25,"column":28}},"loc":{"start":{"line":25,"column":41},"end":{"line":43,"column":3}},"line":25}},"branchMap":{"0":{"loc":{"start":{"line":28,"column":4},"end":{"line":41,"column":5}},"type":"if","locations":[{"start":{"line":28,"column":4},"end":{"line":41,"column":5}},{"start":{"line":28,"column":4},"end":{"line":41,"column":5}}],"line":28},"1":{"loc":{"start":{"line":29,"column":6},"end":{"line":38,"column":7}},"type":"if","locations":[{"start":{"line":29,"column":6},"end":{"line":38,"column":7}},{"start":{"line":29,"column":6},"end":{"line":38,"column":7}}],"line":29},"2":{"loc":{"start":{"line":30,"column":8},"end":{"line":35,"column":9}},"type":"if","locations":[{"start":{"line":30,"column":8},"end":{"line":35,"column":9}},{"start":{"line":30,"column":8},"end":{"line":35,"column":9}}],"line":30}},"s":{"0":1,"1":1,"2":1,"3":1,"4":1,"5":1,"6":1,"7":1,"8":1,"9":1,"10":1,"11":1,"12":1,"13":5,"14":5,"15":3,"16":2,"17":1,"18":1,"19":1,"20":1,"21":2,"22":5,"23":1},"f":{"0":1,"1":1,"2":1,"3":1,"4":5},"b":{"0":[3,2],"1":[2,1],"2":[1,1]},"_coverageSchema":"43e27e138ebf9cfc5966b082cf9a028302ed4184","hash":"3446a43f626037ae6989024125cf588f748ca59c"}
}
