TN:
SF:/home/pasha/ProjectsHexlet/frontend-project-lvl2/src/index.js
FN:5,(anonymous_0)
FN:9,(anonymous_1)
FN:13,(anonymous_2)
FN:19,(anonymous_3)
FN:25,(anonymous_4)
FNF:5
FNH:5
FNDA:1,(anonymous_0)
FNDA:1,(anonymous_1)
FNDA:1,(anonymous_2)
FNDA:1,(anonymous_3)
FNDA:5,(anonymous_4)
DA:5,1
DA:9,1
DA:13,1
DA:14,1
DA:15,1
DA:16,1
DA:20,1
DA:21,1
DA:22,1
DA:23,1
DA:25,1
DA:26,5
DA:28,5
DA:29,3
DA:30,2
DA:31,1
DA:33,1
DA:34,1
DA:37,1
DA:40,2
DA:42,5
DA:45,1
LF:22
LH:22
BRDA:28,0,0,3
BRDA:28,0,1,2
BRDA:29,1,0,2
BRDA:29,1,1,1
BRDA:30,2,0,1
BRDA:30,2,1,1
BRF:6
BRH:6
end_of_record
